17:01:54, 24 March 2025
            ID1      ID2  HetHet    IBS0  Kinship
0       2530276  2616679   0.070  0.0056   0.2213
1       2530276  3660169   0.083  0.0041   0.2787
2       2640412  1368042   0.066  0.0000   0.2492
3       5645351  4364691   0.044  0.0145   0.0541
4       4593836  1821383   0.048  0.0136   0.0709
...         ...      ...     ...     ...      ...
106978  1251039  1038306   0.048  0.0131   0.0792
106979  1251039  3312069   0.047  0.0134   0.0717
106980  1786192  3068988   0.047  0.0138   0.0724
106981  5784018  1342468   0.046  0.0142   0.0649
106982  5867044  1632651   0.054  0.0084   0.1377

[106983 rows x 5 columns]
relative_1stdegree  relative_parent
True                False              22629
                    True                6255
dtype: int64
EID 1520413 has more than 3 siblings!
EID 1520413 has more than 3 siblings!
EID 1844645 has more than 3 siblings!
EID 4610418 has more than 3 siblings!
EID 5333486 has more than 3 siblings!
EID 2365679 has more than 3 siblings!
EID 3911183 has more than 3 siblings!
EID 2435643 has more than 3 siblings!
EID 4769172 has more than 3 siblings!
EID 4928107 has more than 3 siblings!
EID 2664840 has more than 3 siblings!
EID 5297656 has more than 3 siblings!
EID 3959372 has more than 3 siblings!
EID 1691820 has more than 3 siblings!
EID 4210443 has more than 3 siblings!
EID 4775633 has more than 3 siblings!
EID 4292368 has more than 3 siblings!
        eid_mother eid_father eid_sibling1 eid_sibling2 eid_sibling3      eid
eid                                                                          
1000038        NaN        NaN      1817995          NaN          NaN  1000038
1000061        NaN        NaN      4409561          NaN          NaN  1000061
1000072        NaN        NaN      4594273      2503522          NaN  1000072
1000447        NaN        NaN      2568987          NaN          NaN  1000447
1000565    2376992        NaN          NaN          NaN          NaN  1000565
...            ...        ...          ...          ...          ...      ...
6021192        NaN    4919224          NaN          NaN          NaN  6021192
6021219    4508625        NaN          NaN          NaN          NaN  6021219
6021276        NaN        NaN      5274816          NaN          NaN  6021276
6021300        NaN        NaN      1117775          NaN          NaN  6021300
6021356        NaN        NaN      5188943      5504455          NaN  6021356

[26759 rows x 6 columns]
        eid_mother eid_father eid_sibling1 eid_sibling2 eid_sibling3      eid
eid                                                                          
1000565    2376992        NaN          NaN          NaN          NaN  1000565
1000728        NaN    1429305          NaN          NaN          NaN  1000728
1004170        NaN    1434437          NaN          NaN          NaN  1004170
1004414    4897778    2074604          NaN          NaN          NaN  1004414
1004915        NaN    1126811          NaN          NaN          NaN  1004915
...            ...        ...          ...          ...          ...      ...
6018658        NaN    1558665          NaN          NaN          NaN  6018658
6019115        NaN    4734128      4261307          NaN          NaN  6019115
6019257    3873244        NaN          NaN          NaN          NaN  6019257
6021192        NaN    4919224          NaN          NaN          NaN  6021192
6021219    4508625        NaN          NaN          NaN          NaN  6021219

[5755 rows x 6 columns]
        eid_mother eid_father eid_sibling1 eid_sibling2 eid_sibling3      eid
eid                                                                          
1000038        NaN        NaN      1817995          NaN          NaN  1000038
1000061        NaN        NaN      4409561          NaN          NaN  1000061
1000072        NaN        NaN      4594273      2503522          NaN  1000072
1000447        NaN        NaN      2568987          NaN          NaN  1000447
1000591        NaN        NaN      3306581      1760286          NaN  1000591
...            ...        ...          ...          ...          ...      ...
6020929        NaN        NaN      5295166          NaN          NaN  6020929
6021175        NaN        NaN      2696897          NaN          NaN  6021175
6021276        NaN        NaN      5274816          NaN          NaN  6021276
6021300        NaN        NaN      1117775          NaN          NaN  6021300
6021356        NaN        NaN      5188943      5504455          NaN  6021356

[21322 rows x 6 columns]
        eid_mother eid_father eid_sibling1 eid_sibling2 eid_sibling3      eid
eid                                                                          
1000038        NaN        NaN      1817995          NaN          NaN  1000038
1000061        NaN        NaN      4409561          NaN          NaN  1000061
1000072        NaN        NaN      4594273      2503522          NaN  1000072
1000447        NaN        NaN      2568987          NaN          NaN  1000447
1000565    2376992        NaN          NaN          NaN          NaN  1000565
...            ...        ...          ...          ...          ...      ...
6021192        NaN    4919224          NaN          NaN          NaN  6021192
6021219    4508625        NaN          NaN          NaN          NaN  6021219
6021276        NaN        NaN      5274816          NaN          NaN  6021276
6021300        NaN        NaN      1117775          NaN          NaN  6021300
6021356        NaN        NaN      5188943      5504455          NaN  6021356

[26759 rows x 6 columns]
        eid_mother eid_father eid_sibling1 eid_sibling2 eid_sibling3      eid
eid                                                                          
1015243    4082307        NaN      5096327          NaN          NaN  1015243
1022222    4170302    4896842      4190820          NaN          NaN  1022222
1034433    4207553        NaN      5776117          NaN          NaN  1034433
1039442    1700074        NaN      4470263          NaN          NaN  1039442
1045100        NaN    4175273      1840090          NaN          NaN  1045100
...            ...        ...          ...          ...          ...      ...
5886088    2779643        NaN      4940517          NaN          NaN  5886088
5898811    4613944        NaN      2507729          NaN          NaN  5898811
6010909    1244325        NaN      4500762          NaN          NaN  6010909
6017622    2992572        NaN      1437831          NaN          NaN  6017622
6019115        NaN    4734128      4261307          NaN          NaN  6019115

[318 rows x 6 columns]
